<?xml version="1.0" encoding="UTF-8"?>
<!-- Generated by org.testng.reporters.JUnitReportReporter -->
<testsuite hostname="Lekshmi-PC" name="com.innovapath.unittesting.CopyFileTest" tests="2" failures="0" timestamp="31 Oct 2015 01:47:47 GMT" time="0.028" errors="0">
  <testcase name="testCopyContentsExcep" time="0.002" classname="com.innovapath.unittesting.CopyFileTest"/>
  <testcase name="testCopyContents" time="0.026" classname="com.innovapath.unittesting.CopyFileTest"/>
</testsuite> <!-- com.innovapath.unittesting.CopyFileTest -->
