<?xml version="1.0" encoding="UTF-8"?>
<!-- Generated by org.testng.reporters.JUnitReportReporter -->
<testsuite hostname="Lekshmi-PC" name="com.innovapath.unittesting.ConvertStringTest" tests="5" failures="0" timestamp="29 Oct 2015 17:21:49 GMT" time="0.022" errors="0">
  <testcase name="testConvertEmptyString" time="0.019" classname="com.innovapath.unittesting.ConvertStringTest"/>
  <testcase name="testConvertString" time="0.001" classname="com.innovapath.unittesting.ConvertStringTest"/>
  <testcase name="testConvertNumString" time="0.001" classname="com.innovapath.unittesting.ConvertStringTest"/>
  <testcase name="testConvertOneString" time="0.000" classname="com.innovapath.unittesting.ConvertStringTest"/>
  <testcase name="testConvertNullString" time="0.001" classname="com.innovapath.unittesting.ConvertStringTest"/>
</testsuite> <!-- com.innovapath.unittesting.ConvertStringTest -->
