<?xml version="1.0" encoding="UTF-8"?>
<!-- Generated by org.testng.reporters.JUnitReportReporter -->
<testsuite hostname="Lekshmi-PC" name="com.innovapath.unittesting.CommonNumberTest" tests="3" failures="0" timestamp="29 Oct 2015 01:24:14 GMT" time="0.023" errors="0">
  <testcase name="testCommonTestMoreOne" time="0.001" classname="com.innovapath.unittesting.CommonNumberTest"/>
  <testcase name="testCommonTestNo" time="0.000" classname="com.innovapath.unittesting.CommonNumberTest"/>
  <testcase name="testCommonTestOne" time="0.022" classname="com.innovapath.unittesting.CommonNumberTest"/>
</testsuite> <!-- com.innovapath.unittesting.CommonNumberTest -->
