<?xml version="1.0" encoding="UTF-8"?>
<!-- Generated by org.testng.reporters.JUnitReportReporter -->
<testsuite hostname="Lekshmi-PC" name="com.innovapath.unittesting.LinearSearchTest" tests="5" failures="0" timestamp="29 Oct 2015 01:33:46 GMT" time="0.039" errors="0">
  <testcase name="testLinearSearchDup" time="0.001" classname="com.innovapath.unittesting.LinearSearchTest"/>
  <testcase name="testLinearSearchOne" time="0.001" classname="com.innovapath.unittesting.LinearSearchTest"/>
  <testcase name="testLinearSearchNoVal" time="0.001" classname="com.innovapath.unittesting.LinearSearchTest"/>
  <testcase name="testLinearSearch" time="0.035" classname="com.innovapath.unittesting.LinearSearchTest"/>
  <testcase name="testLinearSearchZero" time="0.001" classname="com.innovapath.unittesting.LinearSearchTest"/>
</testsuite> <!-- com.innovapath.unittesting.LinearSearchTest -->
