<?xml version="1.0" encoding="UTF-8"?>
<!-- Generated by org.testng.reporters.JUnitReportReporter -->
<testsuite hostname="Lekshmi-PC" name="com.innovapath.unittesting.HashcodeEqualTest" tests="2" failures="0" timestamp="29 Oct 2015 22:31:26 GMT" time="0.019" errors="0">
  <testcase name="testHashcodeNotEqual" time="0.000" classname="com.innovapath.unittesting.HashcodeEqualTest"/>
  <testcase name="testHashcodeEqual" time="0.019" classname="com.innovapath.unittesting.HashcodeEqualTest"/>
</testsuite> <!-- com.innovapath.unittesting.HashcodeEqualTest -->
