<?xml version="1.0" encoding="UTF-8"?>
<!-- Generated by org.testng.reporters.JUnitReportReporter -->
<testsuite hostname="Lekshmi-PC" name="com.innovapath.unittesting.searchReplaceTest" tests="1" failures="0" timestamp="31 Oct 2015 00:36:15 GMT" time="0.203" errors="0">
  <testcase name="searchReplace" time="0.203" classname="com.innovapath.unittesting.searchReplaceTest"/>
</testsuite> <!-- com.innovapath.unittesting.searchReplaceTest -->
