<?xml version="1.0" encoding="UTF-8"?>
<!-- Generated by org.testng.reporters.JUnitReportReporter -->
<testsuite hostname="Lekshmi-PC" name="com.innovapath.unittesting.MergeArrayTest" tests="5" failures="0" timestamp="29 Oct 2015 05:59:20 GMT" time="0.032" errors="0">
  <testcase name="testMergeDupArray" time="0.002" classname="com.innovapath.unittesting.MergeArrayTest"/>
  <testcase name="testMergeSortArray" time="0.002" classname="com.innovapath.unittesting.MergeArrayTest"/>
  <testcase name="testMergeEmptyArray" time="0.002" classname="com.innovapath.unittesting.MergeArrayTest"/>
  <testcase name="testMergeDiffLenArray" time="0.024" classname="com.innovapath.unittesting.MergeArrayTest"/>
  <testcase name="testMergeUnSortArray" time="0.002" classname="com.innovapath.unittesting.MergeArrayTest"/>
</testsuite> <!-- com.innovapath.unittesting.MergeArrayTest -->
