<?xml version="1.0" encoding="UTF-8"?>
<!-- Generated by org.testng.reporters.JUnitReportReporter -->
<testsuite hostname="Lekshmi-PC" name="com.innovapath.unittesting.PalindromeTest" tests="5" failures="0" timestamp="29 Oct 2015 21:48:04 GMT" time="0.027" errors="0">
  <testcase name="testPalindrome" time="0.023" classname="com.innovapath.unittesting.PalindromeTest"/>
  <testcase name="testPalindromeSingleChar" time="0.001" classname="com.innovapath.unittesting.PalindromeTest"/>
  <testcase name="testPalindromeNot" time="0.001" classname="com.innovapath.unittesting.PalindromeTest"/>
  <testcase name="testPalindromeNull" time="0.001" classname="com.innovapath.unittesting.PalindromeTest"/>
  <testcase name="testPalindromeEmpty" time="0.001" classname="com.innovapath.unittesting.PalindromeTest"/>
</testsuite> <!-- com.innovapath.unittesting.PalindromeTest -->
