<?xml version="1.0" encoding="UTF-8"?>
<!-- Generated by org.testng.reporters.JUnitReportReporter -->
<testsuite hostname="Lekshmi-PC" name="com.innovapath.unittesting.MissingNumberTest" tests="3" failures="0" timestamp="28 Oct 2015 23:00:13 GMT" time="0.010" errors="0">
  <testcase name="testMissingMoreNum" time="0.001" classname="com.innovapath.unittesting.MissingNumberTest"/>
  <testcase name="testMissingNoNum" time="0.000" classname="com.innovapath.unittesting.MissingNumberTest"/>
  <testcase name="testMissingOneNum" time="0.009" classname="com.innovapath.unittesting.MissingNumberTest"/>
</testsuite> <!-- com.innovapath.unittesting.MissingNumberTest -->
