<?xml version="1.0" encoding="UTF-8"?>
<!-- Generated by org.testng.reporters.JUnitReportReporter -->
<testsuite hostname="Lekshmi-PC" name="com.innovapath.unittesting.ParenthesisTest" tests="5" failures="0" timestamp="29 Oct 2015 22:12:43 GMT" time="0.026" errors="0">
  <testcase name="testParenthesisBalanced" time="0.021" classname="com.innovapath.unittesting.ParenthesisTest"/>
  <testcase name="testParenthesisOpenBalanced" time="0.001" classname="com.innovapath.unittesting.ParenthesisTest"/>
  <testcase name="testParenthesnull" time="0.002" classname="com.innovapath.unittesting.ParenthesisTest"/>
  <testcase name="testParenthesisNotBalanced" time="0.001" classname="com.innovapath.unittesting.ParenthesisTest"/>
  <testcase name="testParenthesisClosedBalanced" time="0.001" classname="com.innovapath.unittesting.ParenthesisTest"/>
</testsuite> <!-- com.innovapath.unittesting.ParenthesisTest -->
