<?xml version="1.0" encoding="UTF-8"?>
<!-- Generated by org.testng.reporters.JUnitReportReporter -->
<testsuite hostname="Lekshmi-PC" name="com.innovapath.unittesting.CountWordsFileTest" tests="1" failures="0" timestamp="1 Nov 2015 23:04:59 GMT" time="0.015" errors="0">
  <testcase name="testCoundWords" time="0.015" classname="com.innovapath.unittesting.CountWordsFileTest"/>
</testsuite> <!-- com.innovapath.unittesting.CountWordsFileTest -->
