<?xml version="1.0" encoding="UTF-8"?>
<!-- Generated by org.testng.reporters.JUnitReportReporter -->
<testsuite hostname="Lekshmi-PC" name="com.innovapath.unittesting.FibonacciTest" tests="7" failures="0" timestamp="27 Oct 2015 04:34:49 GMT" time="0.017" errors="0">
  <testcase name="testFiboNoRecurOne" time="0.002" classname="com.innovapath.unittesting.FibonacciTest"/>
  <testcase name="testFiboNoRecurZero" time="0.001" classname="com.innovapath.unittesting.FibonacciTest"/>
  <testcase name="testFiboRecurPositive" time="0.000" classname="com.innovapath.unittesting.FibonacciTest"/>
  <testcase name="testFiboNoRecurNegnum" time="0.002" classname="com.innovapath.unittesting.FibonacciTest"/>
  <testcase name="testFiboNorecurPositive" time="0.010" classname="com.innovapath.unittesting.FibonacciTest"/>
  <testcase name="testFiboRecurNegative" time="0.001" classname="com.innovapath.unittesting.FibonacciTest"/>
  <testcase name="testFiboRecurZero" time="0.001" classname="com.innovapath.unittesting.FibonacciTest"/>
</testsuite> <!-- com.innovapath.unittesting.FibonacciTest -->
