<?xml version="1.0" encoding="UTF-8"?>
<!-- Generated by org.testng.reporters.JUnitReportReporter -->
<testsuite hostname="Lekshmi-PC" name="com.innovapath.unittesting.ReverseWordTest" tests="4" failures="0" timestamp="29 Oct 2015 21:30:19 GMT" time="0.024" errors="0">
  <testcase name="testreverseOneWord" time="0.021" classname="com.innovapath.unittesting.ReverseWordTest"/>
  <testcase name="testreverseWordEmpty" time="0.001" classname="com.innovapath.unittesting.ReverseWordTest"/>
  <testcase name="testreverseWordNull" time="0.001" classname="com.innovapath.unittesting.ReverseWordTest"/>
  <testcase name="testreverseWord" time="0.001" classname="com.innovapath.unittesting.ReverseWordTest"/>
</testsuite> <!-- com.innovapath.unittesting.ReverseWordTest -->
