<?xml version="1.0" encoding="UTF-8"?>
<!-- Generated by org.testng.reporters.JUnitReportReporter -->
<testsuite hostname="Lekshmi-PC" name="com.innovapath.unittesting.ArmstrongTest" tests="5" failures="0" timestamp="28 Oct 2015 01:35:55 GMT" time="0.035" errors="0">
  <testcase name="testNotArmstrong" time="0.001" classname="com.innovapath.unittesting.ArmstrongTest"/>
  <testcase name="testPosArmstrong" time="0.001" classname="com.innovapath.unittesting.ArmstrongTest"/>
  <testcase name="testOneArmstrong" time="0.001" classname="com.innovapath.unittesting.ArmstrongTest"/>
  <testcase name="testNegArmstrong" time="0.031" classname="com.innovapath.unittesting.ArmstrongTest"/>
  <testcase name="testZeroArmstrong" time="0.001" classname="com.innovapath.unittesting.ArmstrongTest"/>
</testsuite> <!-- com.innovapath.unittesting.ArmstrongTest -->
