<?xml version="1.0" encoding="UTF-8"?>
<!-- Generated by org.testng.reporters.JUnitReportReporter -->
<testsuite hostname="Lekshmi-PC" name="com.innovapath.unittesting.ListFilesFolderTest" tests="2" failures="0" timestamp="30 Oct 2015 23:54:45 GMT" time="0.014" errors="0">
  <testcase name="testFilesFolderException" time="0.001" classname="com.innovapath.unittesting.ListFilesFolderTest"/>
  <testcase name="testFilesFolder" time="0.013" classname="com.innovapath.unittesting.ListFilesFolderTest"/>
</testsuite> <!-- com.innovapath.unittesting.ListFilesFolderTest -->
