<?xml version="1.0" encoding="UTF-8"?>
<!-- Generated by org.testng.reporters.JUnitReportReporter -->
<testsuite hostname="Lekshmi-PC" name="com.innovapath.unittesting.ListOperationsTest" tests="3" failures="0" timestamp="31 Oct 2015 02:56:48 GMT" time="0.027" errors="0">
  <testcase name="testAddElements" time="0.023" classname="com.innovapath.unittesting.ListOperationsTest"/>
  <testcase name="testSearchNot" time="0.002" classname="com.innovapath.unittesting.ListOperationsTest"/>
  <testcase name="testSearch" time="0.002" classname="com.innovapath.unittesting.ListOperationsTest"/>
</testsuite> <!-- com.innovapath.unittesting.ListOperationsTest -->
