<?xml version="1.0" encoding="UTF-8"?>
<!-- Generated by org.testng.reporters.JUnitReportReporter -->
<testsuite hostname="Lekshmi-PC" name="com.innovapath.unittesting.ShapeTest" tests="2" failures="0" timestamp="1 Nov 2015 07:47:24 GMT" time="0.016" errors="0">
  <testcase name="testCircle" time="0.015" classname="com.innovapath.unittesting.ShapeTest"/>
  <testcase name="testSquare" time="0.001" classname="com.innovapath.unittesting.ShapeTest"/>
</testsuite> <!-- com.innovapath.unittesting.ShapeTest -->
