<?xml version="1.0" encoding="UTF-8"?>
<!-- Generated by org.testng.reporters.JUnitReportReporter -->
<testsuite hostname="Lekshmi-PC" name="com.innovapath.unittesting.DynamicFileTest" tests="1" failures="0" timestamp="1 Nov 2015 23:10:07 GMT" time="27.220" errors="0">
  <testcase name="testDataInputStream" time="27.220" classname="com.innovapath.unittesting.DynamicFileTest"/>
</testsuite> <!-- com.innovapath.unittesting.DynamicFileTest -->
