<?xml version="1.0" encoding="UTF-8"?>
<!-- Generated by org.testng.reporters.JUnitReportReporter -->
<testsuite hostname="Lekshmi-PC" name="com.innovapath.unittesting.SwapTwoNumTest" tests="10" failures="0" timestamp="27 Oct 2015 06:34:51 GMT" time="0.028" errors="0">
  <testcase name="swapTwoDupNoThirdVar" time="0.017" classname="com.innovapath.unittesting.SwapTwoNumTest"/>
  <testcase name="swapTwoPosNegThirdVar" time="0.001" classname="com.innovapath.unittesting.SwapTwoNumTest"/>
  <testcase name="swapTwoNegThirdVar" time="0.001" classname="com.innovapath.unittesting.SwapTwoNumTest"/>
  <testcase name="swapTwoNegNoThirdVar" time="0.002" classname="com.innovapath.unittesting.SwapTwoNumTest"/>
  <testcase name="swapTwoNumThirdVar" time="0.001" classname="com.innovapath.unittesting.SwapTwoNumTest"/>
  <testcase name="swapTwoPosNegNoThirdVar" time="0.001" classname="com.innovapath.unittesting.SwapTwoNumTest"/>
  <testcase name="swapTwoNumZeroThirdVar" time="0.002" classname="com.innovapath.unittesting.SwapTwoNumTest"/>
  <testcase name="swapTwoDupThirdVar" time="0.001" classname="com.innovapath.unittesting.SwapTwoNumTest"/>
  <testcase name="swapTwoNumNoThirdVar" time="0.001" classname="com.innovapath.unittesting.SwapTwoNumTest"/>
  <testcase name="swapTwoNumZeroNoThirdVar" time="0.001" classname="com.innovapath.unittesting.SwapTwoNumTest"/>
</testsuite> <!-- com.innovapath.unittesting.SwapTwoNumTest -->
