<?xml version="1.0" encoding="UTF-8"?>
<!-- Generated by org.testng.reporters.JUnitReportReporter -->
<testsuite hostname="Lekshmi-PC" name="com.innovapath.unittesting.SubStringReplaceTest" tests="3" failures="0" timestamp="1 Nov 2015 23:48:16 GMT" time="0.022" errors="0">
  <testcase name="testExpSubstringReplace" time="0.016" classname="com.innovapath.unittesting.SubStringReplaceTest"/>
  <testcase name="testNoSubstringReplace" time="0.004" classname="com.innovapath.unittesting.SubStringReplaceTest"/>
  <testcase name="testSubstringReplace" time="0.002" classname="com.innovapath.unittesting.SubStringReplaceTest"/>
</testsuite> <!-- com.innovapath.unittesting.SubStringReplaceTest -->
