<?xml version="1.0" encoding="UTF-8"?>
<!-- Generated by org.testng.reporters.JUnitReportReporter -->
<testsuite hostname="Lekshmi-PC" name="com.innovapath.unittesting.FactorialTest" tests="8" failures="0" timestamp="27 Oct 2015 07:38:54 GMT" time="0.037" errors="0">
  <testcase name="testFactNegNoRecur" time="0.028" classname="com.innovapath.unittesting.FactorialTest"/>
  <testcase name="testFactOneRecur" time="0.001" classname="com.innovapath.unittesting.FactorialTest"/>
  <testcase name="testFactOneNoRecur" time="0.002" classname="com.innovapath.unittesting.FactorialTest"/>
  <testcase name="testFactPosRecur" time="0.001" classname="com.innovapath.unittesting.FactorialTest"/>
  <testcase name="testFactZeroRecur" time="0.001" classname="com.innovapath.unittesting.FactorialTest"/>
  <testcase name="testFactNegRecur" time="0.002" classname="com.innovapath.unittesting.FactorialTest"/>
  <testcase name="testFactPosNoRecur" time="0.001" classname="com.innovapath.unittesting.FactorialTest"/>
  <testcase name="testFactZeroNoRecur" time="0.001" classname="com.innovapath.unittesting.FactorialTest"/>
</testsuite> <!-- com.innovapath.unittesting.FactorialTest -->
