<?xml version="1.0" encoding="UTF-8"?>
<!-- Generated by org.testng.reporters.JUnitReportReporter -->
<testsuite hostname="Lekshmi-PC" name="com.innovapath.unittesting.SearchStringFileTest" tests="3" failures="0" timestamp="30 Oct 2015 05:46:26 GMT" time="0.027" errors="0">
  <testcase name="testSearchStringNo" time="0.002" classname="com.innovapath.unittesting.SearchStringFileTest"/>
  <testcase name="testSearchStringOne" time="0.003" classname="com.innovapath.unittesting.SearchStringFileTest"/>
  <testcase name="testSearchString" time="0.022" classname="com.innovapath.unittesting.SearchStringFileTest"/>
</testsuite> <!-- com.innovapath.unittesting.SearchStringFileTest -->
