<?xml version="1.0" encoding="UTF-8"?>
<!-- Generated by org.testng.reporters.JUnitReportReporter -->
<testsuite hostname="Lekshmi-PC" name="com.innovapath.unittesting.OverloadingridingTest" tests="2" failures="0" timestamp="1 Nov 2015 08:30:47 GMT" time="0.025" errors="0">
  <testcase name="testOverRiding" time="0.023" classname="com.innovapath.unittesting.OverloadingridingTest"/>
  <testcase name="testOverloading" time="0.002" classname="com.innovapath.unittesting.OverloadingridingTest"/>
</testsuite> <!-- com.innovapath.unittesting.OverloadingridingTest -->
