<?xml version="1.0" encoding="UTF-8"?>
<!-- Generated by org.testng.reporters.JUnitReportReporter -->
<testsuite hostname="Lekshmi-PC" name="com.innovapath.unittesting.ArrayListToArrayTest" tests="2" failures="0" timestamp="1 Nov 2015 23:02:47 GMT" time="0.022" errors="0">
  <testcase name="testArrayListtoArrayException" time="0.001" classname="com.innovapath.unittesting.ArrayListToArrayTest"/>
  <testcase name="testArrayListtoArray" time="0.021" classname="com.innovapath.unittesting.ArrayListToArrayTest"/>
</testsuite> <!-- com.innovapath.unittesting.ArrayListToArrayTest -->
