<?xml version="1.0" encoding="UTF-8"?>
<!-- Generated by org.testng.reporters.JUnitReportReporter -->
<testsuite hostname="Lekshmi-PC" name="com.innovapath.unittesting.CmdLineInputTest" tests="1" failures="0" timestamp="28 Oct 2015 04:44:29 GMT" time="2.863" errors="0">
  <testcase name="testCmdLineInput" time="2.863" classname="com.innovapath.unittesting.CmdLineInputTest"/>
</testsuite> <!-- com.innovapath.unittesting.CmdLineInputTest -->
