<?xml version="1.0" encoding="UTF-8"?>
<!-- Generated by org.testng.reporters.JUnitReportReporter -->
<testsuite hostname="Lekshmi-PC" name="com.innovapath.unittesting.HashMapSearchTest" tests="2" failures="0" timestamp="31 Oct 2015 05:05:49 GMT" time="0.029" errors="0">
  <testcase name="testSearchNoVal" time="0.028" classname="com.innovapath.unittesting.HashMapSearchTest"/>
  <testcase name="testSearchVal" time="0.001" classname="com.innovapath.unittesting.HashMapSearchTest"/>
</testsuite> <!-- com.innovapath.unittesting.HashMapSearchTest -->
