<?xml version="1.0" encoding="UTF-8"?>
<!-- Generated by org.testng.reporters.JUnitReportReporter -->
<testsuite hostname="Lekshmi-PC" name="com.innovapath.unittesting.LocateSwapTest" tests="4" failures="0" timestamp="29 Oct 2015 05:16:26 GMT" time="0.030" errors="0">
  <testcase name="testLocateNegSwap" time="0.002" classname="com.innovapath.unittesting.LocateSwapTest"/>
  <testcase name="testLocateSwap" time="0.001" classname="com.innovapath.unittesting.LocateSwapTest"/>
  <testcase name="testLocateSortedSwap" time="0.001" classname="com.innovapath.unittesting.LocateSwapTest"/>
  <testcase name="testLocateDupSwap" time="0.026" classname="com.innovapath.unittesting.LocateSwapTest"/>
</testsuite> <!-- com.innovapath.unittesting.LocateSwapTest -->
