<?xml version="1.0" encoding="UTF-8"?>
<!-- Generated by org.testng.reporters.JUnitReportReporter -->
<testsuite hostname="Lekshmi-PC" name="com.innovapath.unittesting.LargestNumberTest" tests="8" failures="0" timestamp="28 Oct 2015 06:12:47 GMT" time="0.027" errors="0">
  <testcase name="testLargeDupNumber" time="0.019" classname="com.innovapath.unittesting.LargestNumberTest"/>
  <testcase name="testLargeOneNumber" time="0.002" classname="com.innovapath.unittesting.LargestNumberTest"/>
  <testcase name="testLargeNegZeroNumber" time="0.001" classname="com.innovapath.unittesting.LargestNumberTest"/>
  <testcase name="testLargePosNumber" time="0.001" classname="com.innovapath.unittesting.LargestNumberTest"/>
  <testcase name="testLargeZeroNumber" time="0.001" classname="com.innovapath.unittesting.LargestNumberTest"/>
  <testcase name="testLargeNegNumber" time="0.001" classname="com.innovapath.unittesting.LargestNumberTest"/>
  <testcase name="testLargePosNegNumber" time="0.001" classname="com.innovapath.unittesting.LargestNumberTest"/>
  <testcase name="testLargePosZeroNumber" time="0.001" classname="com.innovapath.unittesting.LargestNumberTest"/>
</testsuite> <!-- com.innovapath.unittesting.LargestNumberTest -->
