<?xml version="1.0" encoding="UTF-8"?>
<!-- Generated by org.testng.reporters.JUnitReportReporter -->
<testsuite hostname="Lekshmi-PC" name="com.innovapath.unittesting.PrimeNumberTest" tests="6" failures="0" timestamp="27 Oct 2015 21:24:35 GMT" time="0.027" errors="0">
  <testcase name="testZeroPrime" time="0.002" classname="com.innovapath.unittesting.PrimeNumberTest"/>
  <testcase name="testNegNumPrime" time="0.002" classname="com.innovapath.unittesting.PrimeNumberTest"/>
  <testcase name="testOnePrime" time="0.001" classname="com.innovapath.unittesting.PrimeNumberTest"/>
  <testcase name="testNotPrime" time="0.001" classname="com.innovapath.unittesting.PrimeNumberTest"/>
  <testcase name="testIsPrime" time="0.020" classname="com.innovapath.unittesting.PrimeNumberTest"/>
  <testcase name="testPrime" time="0.001" classname="com.innovapath.unittesting.PrimeNumberTest"/>
</testsuite> <!-- com.innovapath.unittesting.PrimeNumberTest -->
