<?xml version="1.0" encoding="UTF-8"?>
<!-- Generated by org.testng.reporters.JUnitReportReporter -->
<testsuite hostname="Lekshmi-PC" name="com.innovapath.unittesting.PrintPatternTest" tests="1" failures="0" timestamp="1 Nov 2015 23:23:50 GMT" time="0.023" errors="0">
  <testcase name="testprintPattern" time="0.023" classname="com.innovapath.unittesting.PrintPatternTest"/>
</testsuite> <!-- com.innovapath.unittesting.PrintPatternTest -->
