<?xml version="1.0" encoding="UTF-8"?>
<!-- Generated by org.testng.reporters.JUnitReportReporter -->
<testsuite hostname="Lekshmi-PC" name="com.innovapath.unittesting.DuplicateSetTest" tests="3" failures="0" timestamp="1 Nov 2015 23:08:36 GMT" time="0.024" errors="0">
  <testcase name="testNoDuplicateSet" time="0.002" classname="com.innovapath.unittesting.DuplicateSetTest"/>
  <testcase name="testOnlyDuplicateSet" time="0.001" classname="com.innovapath.unittesting.DuplicateSetTest"/>
  <testcase name="testDuplicateSet" time="0.021" classname="com.innovapath.unittesting.DuplicateSetTest"/>
</testsuite> <!-- com.innovapath.unittesting.DuplicateSetTest -->
