<?xml version="1.0" encoding="UTF-8"?>
<!-- Generated by org.testng.reporters.JUnitReportReporter -->
<testsuite hostname="Lekshmi-PC" name="com.innovapath.unittesting.SortArrayTest" tests="4" failures="0" timestamp="29 Oct 2015 02:20:51 GMT" time="0.021" errors="0">
  <testcase name="testSortArrayDup" time="0.001" classname="com.innovapath.unittesting.SortArrayTest"/>
  <testcase name="testSortArrayOneVal" time="0.001" classname="com.innovapath.unittesting.SortArrayTest"/>
  <testcase name="testSortArrayNeg" time="0.001" classname="com.innovapath.unittesting.SortArrayTest"/>
  <testcase name="testSortArray" time="0.018" classname="com.innovapath.unittesting.SortArrayTest"/>
</testsuite> <!-- com.innovapath.unittesting.SortArrayTest -->
