<?xml version="1.0" encoding="UTF-8"?>
<!-- Generated by org.testng.reporters.JUnitReportReporter -->
<testsuite hostname="Lekshmi-PC" name="com.innovapath.unittesting.SortMaByValueTest" tests="1" failures="0" timestamp="31 Oct 2015 06:15:24 GMT" time="0.023" errors="0">
  <testcase name="testSortMap" time="0.023" classname="com.innovapath.unittesting.SortMaByValueTest"/>
</testsuite> <!-- com.innovapath.unittesting.SortMaByValueTest -->
