<?xml version="1.0" encoding="UTF-8"?>
<!-- Generated by org.testng.reporters.JUnitReportReporter -->
<testsuite hostname="Lekshmi-PC" name="com.innovapath.unittesting.PingPongTest" tests="7" failures="0" timestamp="27 Oct 2015 06:02:41 GMT" time="0.030" errors="0">
  <testcase name="testPingPongOneInput" time="0.002" classname="com.innovapath.unittesting.PingPongTest"/>
  <testcase name="testPingPongDivBy3N5" time="0.001" classname="com.innovapath.unittesting.PingPongTest"/>
  <testcase name="testPingPongNegInput" time="0.001" classname="com.innovapath.unittesting.PingPongTest"/>
  <testcase name="testPingPongDivBy5" time="0.000" classname="com.innovapath.unittesting.PingPongTest"/>
  <testcase name="testPingPongDivBy3" time="0.023" classname="com.innovapath.unittesting.PingPongTest"/>
  <testcase name="testPingPongNotDivBy3OR5" time="0.002" classname="com.innovapath.unittesting.PingPongTest"/>
  <testcase name="testPingPongZeroInput" time="0.001" classname="com.innovapath.unittesting.PingPongTest"/>
</testsuite> <!-- com.innovapath.unittesting.PingPongTest -->
