<?xml version="1.0" encoding="UTF-8"?>
<!-- Generated by org.testng.reporters.JUnitReportReporter -->
<testsuite hostname="Lekshmi-PC" name="com.innovapath.unittesting.ReverseStringTest" tests="4" failures="0" timestamp="29 Oct 2015 07:07:27 GMT" time="0.023" errors="0">
  <testcase name="testReverseStringNull" time="0.002" classname="com.innovapath.unittesting.ReverseStringTest"/>
  <testcase name="testReverseString" time="0.019" classname="com.innovapath.unittesting.ReverseStringTest"/>
  <testcase name="testReverseStringoneChar" time="0.001" classname="com.innovapath.unittesting.ReverseStringTest"/>
  <testcase name="testReverseStringEmpty" time="0.001" classname="com.innovapath.unittesting.ReverseStringTest"/>
</testsuite> <!-- com.innovapath.unittesting.ReverseStringTest -->
